build/outputs/logs/manifest-merger-release-report.txt
-- Merging decision tree log ---
manifest
ADDED from sportlove\lovesportsApp\AndroidManifest.xml:2:1-392:12
	package
		ADDED from sportlove\lovesportsApp\AndroidManifest.xml:3:5-40
	android:versionName
		ADDED from sportlove\lovesportsApp\AndroidManifest.xml:5:5-32
		INJECTED from sportlove\lovesportsApp\AndroidManifest.xml
		INJECTED from sportlove\lovesportsApp\AndroidManifest.xml
	android:versionCode
		ADDED from sportlove\lovesportsApp\AndroidManifest.xml:4:5-29
		INJECTED from sportlove\lovesportsApp\AndroidManifest.xml
		INJECTED from sportlove\lovesportsApp\AndroidManifest.xml
	xmlns:android
		ADDED from sportlove\lovesportsApp\AndroidManifest.xml:2:11-69
uses-sdk
ADDED from sportlove\lovesportsApp\AndroidManifest.xml:7:5-10:16
	android:targetSdkVersion
		ADDED from sportlove\lovesportsApp\AndroidManifest.xml:9:9-38
	android:minSdkVersion
		ADDED from sportlove\lovesportsApp\AndroidManifest.xml:8:9-35
uses-feature#android.hardware.bluetooth_le
ADDED from sportlove\lovesportsApp\AndroidManifest.xml:12:5-14:35
	android:required
		ADDED from sportlove\lovesportsApp\AndroidManifest.xml:14:9-32
	android:name
		ADDED from sportlove\lovesportsApp\AndroidManifest.xml:13:9-53
uses-permission#android.permission.BLUETOOTH
ADDED from sportlove\lovesportsApp\AndroidManifest.xml:16:5-68
	android:name
		ADDED from sportlove\lovesportsApp\AndroidManifest.xml:16:22-65
uses-permission#android.permission.BLUETOOTH_ADMIN
ADDED from sportlove\lovesportsApp\AndroidManifest.xml:17:5-74
	android:name
		ADDED from sportlove\lovesportsApp\AndroidManifest.xml:17:22-71
uses-permission#android.permission.ACCESS_NETWORK_STATE
ADDED from sportlove\lovesportsApp\AndroidManifest.xml:19:5-79
	android:name
		ADDED from sportlove\lovesportsApp\AndroidManifest.xml:19:22-76
uses-permission#android.permission.WRITE_EXTERNAL_STORAGE
ADDED from sportlove\lovesportsApp\AndroidManifest.xml:20:5-81
	android:name
		ADDED from sportlove\lovesportsApp\AndroidManifest.xml:20:22-78
uses-permission#android.permission.ACCESS_WIFI_STATE
ADDED from sportlove\lovesportsApp\AndroidManifest.xml:21:5-76
	android:name
		ADDED from sportlove\lovesportsApp\AndroidManifest.xml:21:22-73
uses-permission#android.permission.MOUNT_UNMOUNT_FILESYSTEMS
ADDED from sportlove\lovesportsApp\AndroidManifest.xml:22:5-84
	android:name
		ADDED from sportlove\lovesportsApp\AndroidManifest.xml:22:22-81
uses-permission#android.permission.ACCESS_FINE_LOCATION
ADDED from sportlove\lovesportsApp\AndroidManifest.xml:25:5-79
	android:name
		ADDED from sportlove\lovesportsApp\AndroidManifest.xml:25:22-76
uses-permission#android.permission.ACCESS_COARSE_LOCATION
ADDED from sportlove\lovesportsApp\AndroidManifest.xml:26:5-81
	android:name
		ADDED from sportlove\lovesportsApp\AndroidManifest.xml:26:22-78
uses-permission#android.permission.ACCESS_MOCK_LOCATION
ADDED from sportlove\lovesportsApp\AndroidManifest.xml:27:5-79
	android:name
		ADDED from sportlove\lovesportsApp\AndroidManifest.xml:27:22-76
uses-permission#android.permission.ACCESS_GPS
ADDED from sportlove\lovesportsApp\AndroidManifest.xml:28:5-69
	android:name
		ADDED from sportlove\lovesportsApp\AndroidManifest.xml:28:22-66
uses-permission#android.permission.PROCESS_OUTGOING_CALLS
ADDED from sportlove\lovesportsApp\AndroidManifest.xml:31:5-81
	android:name
		ADDED from sportlove\lovesportsApp\AndroidManifest.xml:31:22-78
uses-permission#android.permission.RECEIVE_SMS
ADDED from sportlove\lovesportsApp\AndroidManifest.xml:32:5-70
	android:name
		ADDED from sportlove\lovesportsApp\AndroidManifest.xml:32:22-67
uses-permission#android.permission.GET_ACCOUNTS
ADDED from sportlove\lovesportsApp\AndroidManifest.xml:33:5-71
	android:name
		ADDED from sportlove\lovesportsApp\AndroidManifest.xml:33:22-68
uses-permission#android.permission.USE_CREDENTIALS
ADDED from sportlove\lovesportsApp\AndroidManifest.xml:34:5-74
	android:name
		ADDED from sportlove\lovesportsApp\AndroidManifest.xml:34:22-71
uses-permission#android.permission.MANAGE_ACCOUNTS
ADDED from sportlove\lovesportsApp\AndroidManifest.xml:35:5-74
	android:name
		ADDED from sportlove\lovesportsApp\AndroidManifest.xml:35:22-71
uses-permission#android.permission.AUTHENTICATE_ACCOUNTS
ADDED from sportlove\lovesportsApp\AndroidManifest.xml:36:5-80
	android:name
		ADDED from sportlove\lovesportsApp\AndroidManifest.xml:36:22-77
uses-permission#android.permission.INTERNET
ADDED from sportlove\lovesportsApp\AndroidManifest.xml:37:5-67
	android:name
		ADDED from sportlove\lovesportsApp\AndroidManifest.xml:37:22-64
uses-permission#com.android.launcher.permission.READ_SETTINGS
ADDED from sportlove\lovesportsApp\AndroidManifest.xml:38:5-85
	android:name
		ADDED from sportlove\lovesportsApp\AndroidManifest.xml:38:22-82
uses-permission#android.permission.WAKE_LOCK
ADDED from sportlove\lovesportsApp\AndroidManifest.xml:39:5-68
	android:name
		ADDED from sportlove\lovesportsApp\AndroidManifest.xml:39:22-65
uses-permission#android.permission.CHANGE_WIFI_STATE
ADDED from sportlove\lovesportsApp\AndroidManifest.xml:40:5-76
	android:name
		ADDED from sportlove\lovesportsApp\AndroidManifest.xml:40:22-73
uses-permission#android.permission.READ_PHONE_STATE
ADDED from sportlove\lovesportsApp\AndroidManifest.xml:41:5-75
	android:name
		ADDED from sportlove\lovesportsApp\AndroidManifest.xml:41:22-72
uses-permission#android.permission.READ_CONTACTS
ADDED from sportlove\lovesportsApp\AndroidManifest.xml:42:5-72
	android:name
		ADDED from sportlove\lovesportsApp\AndroidManifest.xml:42:22-69
uses-permission#android.permission.CALL_PHONE
ADDED from sportlove\lovesportsApp\AndroidManifest.xml:43:5-69
	android:name
		ADDED from sportlove\lovesportsApp\AndroidManifest.xml:43:22-66
uses-permission#android.permission.READ_SMS
ADDED from sportlove\lovesportsApp\AndroidManifest.xml:44:5-67
	android:name
		ADDED from sportlove\lovesportsApp\AndroidManifest.xml:44:22-64
uses-permission#android.permission.SEND_SMS
ADDED from sportlove\lovesportsApp\AndroidManifest.xml:45:5-67
	android:name
		ADDED from sportlove\lovesportsApp\AndroidManifest.xml:45:22-64
uses-permission#android.permission.GET_TASKS
ADDED from sportlove\lovesportsApp\AndroidManifest.xml:47:5-68
	android:name
		ADDED from sportlove\lovesportsApp\AndroidManifest.xml:47:22-65
uses-permission#android.permission.CAMERA
ADDED from sportlove\lovesportsApp\AndroidManifest.xml:48:5-65
	android:name
		ADDED from sportlove\lovesportsApp\AndroidManifest.xml:48:22-62
uses-permission#android.permission.RECORD_AUDIO
ADDED from sportlove\lovesportsApp\AndroidManifest.xml:49:5-71
	android:name
		ADDED from sportlove\lovesportsApp\AndroidManifest.xml:49:22-68
uses-permission#android.permission.RECEIVE_BOOT_COMPLETED
ADDED from sportlove\lovesportsApp\AndroidManifest.xml:50:5-81
	android:name
		ADDED from sportlove\lovesportsApp\AndroidManifest.xml:50:22-78
uses-permission#android.permission.BROADCAST_STICKY
ADDED from sportlove\lovesportsApp\AndroidManifest.xml:51:5-75
	android:name
		ADDED from sportlove\lovesportsApp\AndroidManifest.xml:51:22-72
uses-permission#android.permission.WRITE_SETTINGS
ADDED from sportlove\lovesportsApp\AndroidManifest.xml:52:5-73
	android:name
		ADDED from sportlove\lovesportsApp\AndroidManifest.xml:52:22-70
uses-permission#android.permission.VIBRATE
ADDED from sportlove\lovesportsApp\AndroidManifest.xml:55:5-66
	android:name
		ADDED from sportlove\lovesportsApp\AndroidManifest.xml:55:22-63
uses-permission#android.permission.SYSTEM_ALERT_WINDOW
ADDED from sportlove\lovesportsApp\AndroidManifest.xml:56:5-78
	android:name
		ADDED from sportlove\lovesportsApp\AndroidManifest.xml:56:22-75
supports-screens
ADDED from sportlove\lovesportsApp\AndroidManifest.xml:59:5-64:39
	android:largeScreens
		ADDED from sportlove\lovesportsApp\AndroidManifest.xml:61:9-36
	android:smallScreens
		ADDED from sportlove\lovesportsApp\AndroidManifest.xml:64:9-36
	android:normalScreens
		ADDED from sportlove\lovesportsApp\AndroidManifest.xml:62:9-37
	android:resizeable
		ADDED from sportlove\lovesportsApp\AndroidManifest.xml:63:9-34
	android:anyDensity
		ADDED from sportlove\lovesportsApp\AndroidManifest.xml:60:9-34
uses-permission#android.permission.RUN_INSTRUMENTATION
ADDED from sportlove\lovesportsApp\AndroidManifest.xml:66:5-78
	android:name
		ADDED from sportlove\lovesportsApp\AndroidManifest.xml:66:22-75
instrumentation#android.test.InstrumentationTestRunner
ADDED from sportlove\lovesportsApp\AndroidManifest.xml:68:5-71:61
	android:label
		ADDED from sportlove\lovesportsApp\AndroidManifest.xml:70:9-40
	android:targetPackage
		ADDED from sportlove\lovesportsApp\AndroidManifest.xml:71:9-58
	android:name
		ADDED from sportlove\lovesportsApp\AndroidManifest.xml:69:9-62
application
ADDED from sportlove\lovesportsApp\AndroidManifest.xml:73:5-390:19
	android:label
		ADDED from sportlove\lovesportsApp\AndroidManifest.xml:77:9-41
	android:allowBackup
		ADDED from sportlove\lovesportsApp\AndroidManifest.xml:75:9-35
	android:icon
		ADDED from sportlove\lovesportsApp\AndroidManifest.xml:76:9-38
	android:persistent
		ADDED from sportlove\lovesportsApp\AndroidManifest.xml:78:9-34
	android:name
		ADDED from sportlove\lovesportsApp\AndroidManifest.xml:74:9-70
meta-data#com.baidu.lbsapi.API_KEY
ADDED from sportlove\lovesportsApp\AndroidManifest.xml:81:9-83:56
	android:value
		ADDED from sportlove\lovesportsApp\AndroidManifest.xml:83:13-53
	android:name
		ADDED from sportlove\lovesportsApp\AndroidManifest.xml:82:13-52
uses-library#android.test.runner
ADDED from sportlove\lovesportsApp\AndroidManifest.xml:85:9-60
	android:name
		ADDED from sportlove\lovesportsApp\AndroidManifest.xml:85:23-57
activity#cmccsi.mhealth.app.sports.activity.MainFragmentActivity
ADDED from sportlove\lovesportsApp\AndroidManifest.xml:88:9-93:20
	android:screenOrientation
		ADDED from sportlove\lovesportsApp\AndroidManifest.xml:91:13-49
	android:launchMode
		ADDED from sportlove\lovesportsApp\AndroidManifest.xml:90:13-44
	android:theme
		ADDED from sportlove\lovesportsApp\AndroidManifest.xml:92:13-60
	android:name
		ADDED from sportlove\lovesportsApp\AndroidManifest.xml:89:13-83
activity#cmccsi.mhealth.app.sports.activity.MainFragmentActivity2
ADDED from sportlove\lovesportsApp\AndroidManifest.xml:94:9-99:20
	android:screenOrientation
		ADDED from sportlove\lovesportsApp\AndroidManifest.xml:97:13-49
	android:launchMode
		ADDED from sportlove\lovesportsApp\AndroidManifest.xml:96:13-44
	android:theme
		ADDED from sportlove\lovesportsApp\AndroidManifest.xml:98:13-60
	android:name
		ADDED from sportlove\lovesportsApp\AndroidManifest.xml:95:13-84
activity#cmccsi.mhealth.app.sports.tabhost.TabBaseFragment
ADDED from sportlove\lovesportsApp\AndroidManifest.xml:100:9-104:20
	android:screenOrientation
		ADDED from sportlove\lovesportsApp\AndroidManifest.xml:102:13-49
	android:theme
		ADDED from sportlove\lovesportsApp\AndroidManifest.xml:103:13-60
	android:name
		ADDED from sportlove\lovesportsApp\AndroidManifest.xml:101:13-77
activity#cmccsi.mhealth.app.sports.activity.FragmentContainerActivity
ADDED from sportlove\lovesportsApp\AndroidManifest.xml:105:9-110:20
	android:screenOrientation
		ADDED from sportlove\lovesportsApp\AndroidManifest.xml:108:13-49
	android:launchMode
		ADDED from sportlove\lovesportsApp\AndroidManifest.xml:107:13-44
	android:theme
		ADDED from sportlove\lovesportsApp\AndroidManifest.xml:109:13-60
	android:name
		ADDED from sportlove\lovesportsApp\AndroidManifest.xml:106:13-88
activity#cmccsi.mhealth.app.sports.activity.PreLoadActivity
ADDED from sportlove\lovesportsApp\AndroidManifest.xml:111:9-122:20
	android:screenOrientation
		ADDED from sportlove\lovesportsApp\AndroidManifest.xml:114:13-49
	android:launchMode
		ADDED from sportlove\lovesportsApp\AndroidManifest.xml:113:13-44
	android:theme
		ADDED from sportlove\lovesportsApp\AndroidManifest.xml:115:13-54
	android:name
		ADDED from sportlove\lovesportsApp\AndroidManifest.xml:112:13-78
intent-filter#android.intent.action.MAIN+android.intent.category.LAUNCHER
ADDED from sportlove\lovesportsApp\AndroidManifest.xml:117:13-121:29
action#android.intent.action.MAIN
ADDED from sportlove\lovesportsApp\AndroidManifest.xml:118:17-69
	android:name
		ADDED from sportlove\lovesportsApp\AndroidManifest.xml:118:25-66
category#android.intent.category.LAUNCHER
ADDED from sportlove\lovesportsApp\AndroidManifest.xml:120:17-77
	android:name
		ADDED from sportlove\lovesportsApp\AndroidManifest.xml:120:27-74
activity#cmccsi.mhealth.app.sports.activity.PreLoadForgetPwdActivity
ADDED from sportlove\lovesportsApp\AndroidManifest.xml:123:9-127:20
	android:screenOrientation
		ADDED from sportlove\lovesportsApp\AndroidManifest.xml:125:13-49
	android:name
		ADDED from sportlove\lovesportsApp\AndroidManifest.xml:124:13-87
activity#cmccsi.mhealth.app.sports.activity.PreLoadResetPwdActivity
ADDED from sportlove\lovesportsApp\AndroidManifest.xml:128:9-132:20
	android:screenOrientation
		ADDED from sportlove\lovesportsApp\AndroidManifest.xml:130:13-49
	android:name
		ADDED from sportlove\lovesportsApp\AndroidManifest.xml:129:13-86
activity#cmccsi.mhealth.app.sports.activity.PreLoadAPKUpdateProgressActivity
ADDED from sportlove\lovesportsApp\AndroidManifest.xml:133:9-138:20
	android:screenOrientation
		ADDED from sportlove\lovesportsApp\AndroidManifest.xml:135:13-49
	android:theme
		ADDED from sportlove\lovesportsApp\AndroidManifest.xml:136:13-73
	android:name
		ADDED from sportlove\lovesportsApp\AndroidManifest.xml:134:13-95
activity#cmccsi.mhealth.app.sports.activity.SettingAboutActivity
ADDED from sportlove\lovesportsApp\AndroidManifest.xml:139:9-144:20
	android:screenOrientation
		ADDED from sportlove\lovesportsApp\AndroidManifest.xml:142:13-49
	android:hardwareAccelerated
		ADDED from sportlove\lovesportsApp\AndroidManifest.xml:141:13-48
	android:theme
		ADDED from sportlove\lovesportsApp\AndroidManifest.xml:143:13-60
	android:name
		ADDED from sportlove\lovesportsApp\AndroidManifest.xml:140:13-83
activity#cmccsi.mhealth.app.sports.activity.SettingTargetStepActivity
ADDED from sportlove\lovesportsApp\AndroidManifest.xml:145:9-149:20
	android:screenOrientation
		ADDED from sportlove\lovesportsApp\AndroidManifest.xml:147:13-49
	android:theme
		ADDED from sportlove\lovesportsApp\AndroidManifest.xml:148:13-60
	android:name
		ADDED from sportlove\lovesportsApp\AndroidManifest.xml:146:13-88
activity#cmccsi.mhealth.app.sports.activity.CampaignContentActivity_new
ADDED from sportlove\lovesportsApp\AndroidManifest.xml:150:9-154:20
	android:screenOrientation
		ADDED from sportlove\lovesportsApp\AndroidManifest.xml:152:13-49
	android:theme
		ADDED from sportlove\lovesportsApp\AndroidManifest.xml:153:13-60
	android:name
		ADDED from sportlove\lovesportsApp\AndroidManifest.xml:151:13-90
activity#cmccsi.mhealth.app.sports.activity.WebViewActivity
ADDED from sportlove\lovesportsApp\AndroidManifest.xml:155:9-159:20
	android:screenOrientation
		ADDED from sportlove\lovesportsApp\AndroidManifest.xml:157:13-49
	android:theme
		ADDED from sportlove\lovesportsApp\AndroidManifest.xml:158:13-60
	android:name
		ADDED from sportlove\lovesportsApp\AndroidManifest.xml:156:13-78
activity#cmccsi.mhealth.app.sports.activity.SettingTargetWeightActivity
ADDED from sportlove\lovesportsApp\AndroidManifest.xml:160:9-163:63
	android:screenOrientation
		ADDED from sportlove\lovesportsApp\AndroidManifest.xml:162:13-49
	android:theme
		ADDED from sportlove\lovesportsApp\AndroidManifest.xml:163:13-60
	android:name
		ADDED from sportlove\lovesportsApp\AndroidManifest.xml:161:13-90
activity#cmccsi.mhealth.app.sports.activity.MapSelectTRunType
ADDED from sportlove\lovesportsApp\AndroidManifest.xml:164:9-167:63
	android:screenOrientation
		ADDED from sportlove\lovesportsApp\AndroidManifest.xml:166:13-49
	android:theme
		ADDED from sportlove\lovesportsApp\AndroidManifest.xml:167:13-60
	android:name
		ADDED from sportlove\lovesportsApp\AndroidManifest.xml:165:13-80
activity#cmccsi.mhealth.app.sports.activity.HRActivity
ADDED from sportlove\lovesportsApp\AndroidManifest.xml:168:9-172:20
	android:screenOrientation
		ADDED from sportlove\lovesportsApp\AndroidManifest.xml:170:13-49
	android:theme
		ADDED from sportlove\lovesportsApp\AndroidManifest.xml:171:13-60
	android:name
		ADDED from sportlove\lovesportsApp\AndroidManifest.xml:169:13-73
activity#cmccsi.mhealth.app.sports.activity.HRVActivity
ADDED from sportlove\lovesportsApp\AndroidManifest.xml:173:9-177:20
	android:screenOrientation
		ADDED from sportlove\lovesportsApp\AndroidManifest.xml:175:13-49
	android:theme
		ADDED from sportlove\lovesportsApp\AndroidManifest.xml:176:13-60
	android:name
		ADDED from sportlove\lovesportsApp\AndroidManifest.xml:174:13-74
activity#cmccsi.mhealth.app.sports.activity.MoodActivity
ADDED from sportlove\lovesportsApp\AndroidManifest.xml:178:9-182:20
	android:screenOrientation
		ADDED from sportlove\lovesportsApp\AndroidManifest.xml:180:13-49
	android:theme
		ADDED from sportlove\lovesportsApp\AndroidManifest.xml:181:13-60
	android:name
		ADDED from sportlove\lovesportsApp\AndroidManifest.xml:179:13-75
activity#cmccsi.mhealth.app.sports.ecg.activity.HistoryECGDetailActivity
ADDED from sportlove\lovesportsApp\AndroidManifest.xml:183:9-187:20
	android:screenOrientation
		ADDED from sportlove\lovesportsApp\AndroidManifest.xml:185:13-49
	android:theme
		ADDED from sportlove\lovesportsApp\AndroidManifest.xml:186:13-60
	android:name
		ADDED from sportlove\lovesportsApp\AndroidManifest.xml:184:13-91
activity#cmccsi.mhealth.app.sports.ecg.activity.ECGDetailChartActivity
ADDED from sportlove\lovesportsApp\AndroidManifest.xml:188:9-192:20
	android:screenOrientation
		ADDED from sportlove\lovesportsApp\AndroidManifest.xml:190:13-50
	android:theme
		ADDED from sportlove\lovesportsApp\AndroidManifest.xml:191:13-60
	android:name
		ADDED from sportlove\lovesportsApp\AndroidManifest.xml:189:13-89
activity#cmccsi.mhealth.app.sports.activity.RankingActivity
ADDED from sportlove\lovesportsApp\AndroidManifest.xml:193:9-197:20
	android:screenOrientation
		ADDED from sportlove\lovesportsApp\AndroidManifest.xml:195:13-49
	android:theme
		ADDED from sportlove\lovesportsApp\AndroidManifest.xml:196:13-60
	android:name
		ADDED from sportlove\lovesportsApp\AndroidManifest.xml:194:13-78
service#cmccsi.mhealth.app.sports.service.StepService_GPS
ADDED from sportlove\lovesportsApp\AndroidManifest.xml:199:9-207:19
	android:exported
		ADDED from sportlove\lovesportsApp\AndroidManifest.xml:201:13-37
	android:name
		ADDED from sportlove\lovesportsApp\AndroidManifest.xml:200:13-77
intent-filter#cmccsi.mhealth.app.sports.service.StepService_GPS
ADDED from sportlove\lovesportsApp\AndroidManifest.xml:202:13-206:29
action#cmccsi.mhealth.app.sports.service.StepService_GPS
ADDED from sportlove\lovesportsApp\AndroidManifest.xml:203:17-92
	android:name
		ADDED from sportlove\lovesportsApp\AndroidManifest.xml:203:25-89
data
ADDED from sportlove\lovesportsApp\AndroidManifest.xml:205:17-45
	android:port
		ADDED from sportlove\lovesportsApp\AndroidManifest.xml:205:23-42
service#com.baidu.location.f
ADDED from sportlove\lovesportsApp\AndroidManifest.xml:210:9-214:19
	android:enabled
		ADDED from sportlove\lovesportsApp\AndroidManifest.xml:212:13-35
	android:process
		ADDED from sportlove\lovesportsApp\AndroidManifest.xml:213:13-38
	android:name
		ADDED from sportlove\lovesportsApp\AndroidManifest.xml:211:13-48
service#cmccsi.mhealth.app.sports.device.DeviceManagerService
ADDED from sportlove\lovesportsApp\AndroidManifest.xml:215:9-224:19
	android:enabled
		ADDED from sportlove\lovesportsApp\AndroidManifest.xml:217:13-35
	android:exported
		ADDED from sportlove\lovesportsApp\AndroidManifest.xml:218:13-37
	android:name
		ADDED from sportlove\lovesportsApp\AndroidManifest.xml:216:13-81
intent-filter#cmccsi.mhealth.app.sports.device.DeviceManagerService
ADDED from sportlove\lovesportsApp\AndroidManifest.xml:219:13-223:29
action#cmccsi.mhealth.app.sports.device.DeviceManagerService
ADDED from sportlove\lovesportsApp\AndroidManifest.xml:220:17-96
	android:name
		ADDED from sportlove\lovesportsApp\AndroidManifest.xml:220:25-93
meta-data#UMENG_APPKEY
ADDED from sportlove\lovesportsApp\AndroidManifest.xml:227:9-229:56
	android:value
		ADDED from sportlove\lovesportsApp\AndroidManifest.xml:229:13-53
	android:name
		ADDED from sportlove\lovesportsApp\AndroidManifest.xml:228:13-40
meta-data#UMENG_CHANNEL
ADDED from sportlove\lovesportsApp\AndroidManifest.xml:230:9-232:33
	android:value
		ADDED from sportlove\lovesportsApp\AndroidManifest.xml:232:13-30
	android:name
		ADDED from sportlove\lovesportsApp\AndroidManifest.xml:231:13-41
activity#cmccsi.mhealth.app.sports.activity.FeedBackActivity
ADDED from sportlove\lovesportsApp\AndroidManifest.xml:234:9-238:20
	android:screenOrientation
		ADDED from sportlove\lovesportsApp\AndroidManifest.xml:236:13-49
	android:theme
		ADDED from sportlove\lovesportsApp\AndroidManifest.xml:237:13-60
	android:name
		ADDED from sportlove\lovesportsApp\AndroidManifest.xml:235:13-79
uses-library#com.google.android.maps
ADDED from sportlove\lovesportsApp\AndroidManifest.xml:242:9-244:40
	android:required
		ADDED from sportlove\lovesportsApp\AndroidManifest.xml:244:13-37
	android:name
		ADDED from sportlove\lovesportsApp\AndroidManifest.xml:243:13-51
service#cmccsi.mhealth.app.sports.service.StepService
ADDED from sportlove\lovesportsApp\AndroidManifest.xml:246:9-252:19
	android:exported
		ADDED from sportlove\lovesportsApp\AndroidManifest.xml:248:13-37
	android:name
		ADDED from sportlove\lovesportsApp\AndroidManifest.xml:247:13-73
intent-filter#cmccsi.mhealth.app.sports.service.StepService
ADDED from sportlove\lovesportsApp\AndroidManifest.xml:249:13-251:29
action#cmccsi.mhealth.app.sports.service.StepService
ADDED from sportlove\lovesportsApp\AndroidManifest.xml:250:17-88
	android:name
		ADDED from sportlove\lovesportsApp\AndroidManifest.xml:250:25-85
activity#cmccsi.mhealth.app.sports.pedo.PedometerActivity
ADDED from sportlove\lovesportsApp\AndroidManifest.xml:254:9-259:20
	android:screenOrientation
		ADDED from sportlove\lovesportsApp\AndroidManifest.xml:257:13-49
	android:launchMode
		ADDED from sportlove\lovesportsApp\AndroidManifest.xml:256:13-44
	android:theme
		ADDED from sportlove\lovesportsApp\AndroidManifest.xml:258:13-60
	android:name
		ADDED from sportlove\lovesportsApp\AndroidManifest.xml:255:13-76
activity#cmccsi.mhealth.app.sports.ecg.activity.DeviceSettingActivity
ADDED from sportlove\lovesportsApp\AndroidManifest.xml:260:9-264:20
	android:screenOrientation
		ADDED from sportlove\lovesportsApp\AndroidManifest.xml:262:13-49
	android:theme
		ADDED from sportlove\lovesportsApp\AndroidManifest.xml:263:13-60
	android:name
		ADDED from sportlove\lovesportsApp\AndroidManifest.xml:261:13-88
activity#cmccsi.mhealth.app.sports.ecg.activity.DeviceSettingActivityTest
ADDED from sportlove\lovesportsApp\AndroidManifest.xml:265:9-269:20
	android:screenOrientation
		ADDED from sportlove\lovesportsApp\AndroidManifest.xml:267:13-49
	android:theme
		ADDED from sportlove\lovesportsApp\AndroidManifest.xml:268:13-60
	android:name
		ADDED from sportlove\lovesportsApp\AndroidManifest.xml:266:13-92
activity#cmccsi.mhealth.app.sports.ecg.activity.BraceletSettingActivity
ADDED from sportlove\lovesportsApp\AndroidManifest.xml:270:9-274:20
	android:screenOrientation
		ADDED from sportlove\lovesportsApp\AndroidManifest.xml:272:13-49
	android:theme
		ADDED from sportlove\lovesportsApp\AndroidManifest.xml:273:13-49
	android:name
		ADDED from sportlove\lovesportsApp\AndroidManifest.xml:271:13-90
activity#cmccsi.mhealth.app.sports.ecg.activity.DeviceBindingActivity
ADDED from sportlove\lovesportsApp\AndroidManifest.xml:275:9-279:20
	android:screenOrientation
		ADDED from sportlove\lovesportsApp\AndroidManifest.xml:277:13-49
	android:theme
		ADDED from sportlove\lovesportsApp\AndroidManifest.xml:278:13-60
	android:name
		ADDED from sportlove\lovesportsApp\AndroidManifest.xml:276:13-88
activity#cmccsi.mhealth.app.sports.activity.SettingArea
ADDED from sportlove\lovesportsApp\AndroidManifest.xml:280:9-284:20
	android:screenOrientation
		ADDED from sportlove\lovesportsApp\AndroidManifest.xml:282:13-49
	android:theme
		ADDED from sportlove\lovesportsApp\AndroidManifest.xml:283:13-60
	android:name
		ADDED from sportlove\lovesportsApp\AndroidManifest.xml:281:13-74
activity#com.cmcc.bracelet.lsjx.libs.DingdangSettingActivity
ADDED from sportlove\lovesportsApp\AndroidManifest.xml:285:9-289:20
	android:screenOrientation
		ADDED from sportlove\lovesportsApp\AndroidManifest.xml:287:13-49
	android:theme
		ADDED from sportlove\lovesportsApp\AndroidManifest.xml:288:13-60
	android:name
		ADDED from sportlove\lovesportsApp\AndroidManifest.xml:286:13-79
activity#cmccsi.mhealth.app.sports.pedo.PedometerActivityTest
ADDED from sportlove\lovesportsApp\AndroidManifest.xml:291:9-296:20
	android:screenOrientation
		ADDED from sportlove\lovesportsApp\AndroidManifest.xml:294:13-49
	android:launchMode
		ADDED from sportlove\lovesportsApp\AndroidManifest.xml:293:13-44
	android:theme
		ADDED from sportlove\lovesportsApp\AndroidManifest.xml:295:13-60
	android:name
		ADDED from sportlove\lovesportsApp\AndroidManifest.xml:292:13-80
receiver#cmccsi.mhealth.app.sports.basic.SendMsgBroadCast
ADDED from sportlove\lovesportsApp\AndroidManifest.xml:298:9-301:20
	android:label
		ADDED from sportlove\lovesportsApp\AndroidManifest.xml:300:13-45
	android:name
		ADDED from sportlove\lovesportsApp\AndroidManifest.xml:299:13-76
activity#cmccsi.mhealth.app.sports.activity.MatchContactActivity
ADDED from sportlove\lovesportsApp\AndroidManifest.xml:303:9-307:20
	android:screenOrientation
		ADDED from sportlove\lovesportsApp\AndroidManifest.xml:305:13-49
	android:theme
		ADDED from sportlove\lovesportsApp\AndroidManifest.xml:306:13-60
	android:name
		ADDED from sportlove\lovesportsApp\AndroidManifest.xml:304:13-83
activity#cmccsi.mhealth.app.sports.activity.HandAddContactActivity
ADDED from sportlove\lovesportsApp\AndroidManifest.xml:308:9-312:20
	android:screenOrientation
		ADDED from sportlove\lovesportsApp\AndroidManifest.xml:310:13-49
	android:theme
		ADDED from sportlove\lovesportsApp\AndroidManifest.xml:311:13-60
	android:name
		ADDED from sportlove\lovesportsApp\AndroidManifest.xml:309:13-85
receiver#cmccsi.mhealth.app.sports.broadcast.BootCompletedReceiver
ADDED from sportlove\lovesportsApp\AndroidManifest.xml:314:9-318:20
	android:name
		ADDED from sportlove\lovesportsApp\AndroidManifest.xml:314:19-91
intent-filter#android.intent.action.BOOT_COMPLETED
ADDED from sportlove\lovesportsApp\AndroidManifest.xml:315:13-317:29
	android:priority
		ADDED from sportlove\lovesportsApp\AndroidManifest.xml:315:28-51
action#android.intent.action.BOOT_COMPLETED
ADDED from sportlove\lovesportsApp\AndroidManifest.xml:316:17-79
	android:name
		ADDED from sportlove\lovesportsApp\AndroidManifest.xml:316:25-76
activity#cmccsi.mhealth.app.sports.appversion.PreLoadLoginActivity
ADDED from sportlove\lovesportsApp\AndroidManifest.xml:321:9-325:20
	android:screenOrientation
		ADDED from sportlove\lovesportsApp\AndroidManifest.xml:323:13-49
	android:theme
		ADDED from sportlove\lovesportsApp\AndroidManifest.xml:324:13-60
	android:name
		ADDED from sportlove\lovesportsApp\AndroidManifest.xml:322:13-85
activity#cmccsi.mhealth.app.sports.appversion.AddDeviceActivity
ADDED from sportlove\lovesportsApp\AndroidManifest.xml:326:9-330:20
	android:screenOrientation
		ADDED from sportlove\lovesportsApp\AndroidManifest.xml:328:13-49
	android:theme
		ADDED from sportlove\lovesportsApp\AndroidManifest.xml:329:13-60
	android:name
		ADDED from sportlove\lovesportsApp\AndroidManifest.xml:327:13-82
activity#cmccsi.mhealth.app.sports.appversion.RegisteActivity
ADDED from sportlove\lovesportsApp\AndroidManifest.xml:332:9-336:20
	android:screenOrientation
		ADDED from sportlove\lovesportsApp\AndroidManifest.xml:334:13-49
	android:theme
		ADDED from sportlove\lovesportsApp\AndroidManifest.xml:335:13-60
	android:name
		ADDED from sportlove\lovesportsApp\AndroidManifest.xml:333:13-80
service#cmccsi.mhealth.app.sports.service.UpdateVersionService
ADDED from sportlove\lovesportsApp\AndroidManifest.xml:338:9-339:19
	android:name
		ADDED from sportlove\lovesportsApp\AndroidManifest.xml:338:18-87
activity#cmccsi.mhealth.app.sports.activity.FirmwareDownloadProgressActivity
ADDED from sportlove\lovesportsApp\AndroidManifest.xml:341:9-345:20
	android:screenOrientation
		ADDED from sportlove\lovesportsApp\AndroidManifest.xml:343:13-49
	android:theme
		ADDED from sportlove\lovesportsApp\AndroidManifest.xml:344:13-56
	android:name
		ADDED from sportlove\lovesportsApp\AndroidManifest.xml:342:13-95
activity#cmccsi.mhealth.app.sports.activity.FirmwareUpdateProgressActivity
ADDED from sportlove\lovesportsApp\AndroidManifest.xml:346:9-350:20
	android:screenOrientation
		ADDED from sportlove\lovesportsApp\AndroidManifest.xml:348:13-49
	android:theme
		ADDED from sportlove\lovesportsApp\AndroidManifest.xml:349:13-56
	android:name
		ADDED from sportlove\lovesportsApp\AndroidManifest.xml:347:13-93
activity#cmccsi.mhealth.app.sports.activity.OpinionListActivity
ADDED from sportlove\lovesportsApp\AndroidManifest.xml:352:9-356:20
	android:screenOrientation
		ADDED from sportlove\lovesportsApp\AndroidManifest.xml:354:13-49
	android:theme
		ADDED from sportlove\lovesportsApp\AndroidManifest.xml:355:13-60
	android:name
		ADDED from sportlove\lovesportsApp\AndroidManifest.xml:353:13-82
activity#cmccsi.mhealth.app.sports.activity.OpinionNewActivity
ADDED from sportlove\lovesportsApp\AndroidManifest.xml:357:9-361:20
	android:screenOrientation
		ADDED from sportlove\lovesportsApp\AndroidManifest.xml:359:13-49
	android:theme
		ADDED from sportlove\lovesportsApp\AndroidManifest.xml:360:13-60
	android:name
		ADDED from sportlove\lovesportsApp\AndroidManifest.xml:358:13-81
activity#cmccsi.mhealth.app.sports.activity.OpinionViewActivity
ADDED from sportlove\lovesportsApp\AndroidManifest.xml:362:9-366:20
	android:screenOrientation
		ADDED from sportlove\lovesportsApp\AndroidManifest.xml:364:13-49
	android:theme